TN:
SF:src/core/Entity.ts
FN:9,Entity
FN:7,get id
FNF:2
FNH:1
FNDA:55,Entity
FNDA:0,get id
DA:1,1
DA:2,1
DA:3,1
DA:4,1
DA:5,1
DA:6,1
DA:7,1
DA:8,1
DA:9,1
DA:10,55
DA:11,55
DA:12,55
DA:13,1
LF:13
LH:13
BRDA:9,0,0,55
BRDA:10,1,0,0
BRF:2
BRH:1
end_of_record
TN:
SF:src/database/queries.ts
FN:2,getItemById
FN:8,getUserByUsername
FN:14,getAccountByUserId
FN:26,getTransactionsByUserId
FN:37,getCashOutTransactions
FN:43,getCashInTransactions
FN:49,getAllItems
FN:53,createItem
FN:59,updateItemById
FN:68,updateManyItemsById
FN:77,deleteItemById
FNF:11
FNH:0
FNDA:0,getItemById
FNDA:0,getUserByUsername
FNDA:0,getAccountByUserId
FNDA:0,getTransactionsByUserId
FNDA:0,getCashOutTransactions
FNDA:0,getCashInTransactions
FNDA:0,getAllItems
FNDA:0,createItem
FNDA:0,updateItemById
FNDA:0,updateManyItemsById
FNDA:0,deleteItemById
DA:1,1
DA:2,1
DA:3,0
DA:4,0
DA:5,0
DA:6,0
DA:7,1
DA:8,1
DA:9,0
DA:10,0
DA:11,0
DA:12,0
DA:13,1
DA:14,1
DA:15,0
DA:16,0
DA:17,0
DA:18,0
DA:19,0
DA:20,0
DA:21,0
DA:22,0
DA:23,0
DA:24,0
DA:25,1
DA:26,1
DA:27,0
DA:28,0
DA:29,0
DA:30,0
DA:31,0
DA:32,0
DA:33,0
DA:34,0
DA:35,0
DA:36,1
DA:37,1
DA:38,0
DA:39,0
DA:40,0
DA:41,0
DA:42,1
DA:43,1
DA:44,0
DA:45,0
DA:46,0
DA:47,0
DA:48,1
DA:49,1
DA:50,0
DA:51,0
DA:52,1
DA:53,1
DA:54,0
DA:55,0
DA:56,0
DA:57,0
DA:58,1
DA:59,1
DA:60,0
DA:61,0
DA:62,0
DA:63,0
DA:64,0
DA:65,0
DA:66,0
DA:67,1
DA:68,1
DA:69,0
DA:70,0
DA:71,0
DA:72,0
DA:73,0
DA:74,0
DA:75,0
DA:76,1
DA:77,1
DA:78,0
DA:79,0
DA:80,0
DA:81,0
DA:82,0
DA:83,0
DA:84,1
LF:84
LH:23
BRF:0
BRH:0
end_of_record
TN:
SF:src/entities/accounts.ts
FN:12,Accounts
FNF:1
FNH:1
FNDA:4,Accounts
DA:1,1
DA:2,1
DA:3,1
DA:4,1
DA:5,1
DA:6,1
DA:7,1
DA:8,1
DA:9,1
DA:10,1
DA:11,1
DA:12,1
DA:13,4
DA:14,4
DA:15,1
LF:15
LH:15
BRDA:12,0,0,4
BRF:1
BRH:1
end_of_record
TN:
SF:src/entities/users.ts
FN:14,Users
FNF:1
FNH:1
FNDA:51,Users
DA:1,1
DA:2,1
DA:3,1
DA:4,1
DA:5,1
DA:6,1
DA:7,1
DA:8,1
DA:9,1
DA:10,1
DA:11,1
DA:12,1
DA:13,1
DA:14,1
DA:15,51
DA:16,51
DA:17,1
LF:17
LH:17
BRDA:14,0,0,51
BRF:1
BRH:1
end_of_record
TN:
SF:src/prisma/postgresqlClient.ts
FNF:0
FNH:0
DA:1,1
DA:2,1
DA:3,1
DA:4,1
DA:5,1
LF:5
LH:5
BRF:0
BRH:0
end_of_record
TN:
SF:src/repositories/accountsRepository.ts
FN:14,createAccount
FN:19,getAccountById
FN:24,getAccountByUserId
FN:29,updateAccount
FNF:4
FNH:0
FNDA:0,createAccount
FNDA:0,getAccountById
FNDA:0,getAccountByUserId
FNDA:0,updateAccount
DA:1,1
DA:2,1
DA:3,1
DA:4,1
DA:5,1
DA:6,1
DA:7,1
DA:8,1
DA:9,1
DA:10,1
DA:11,1
DA:12,1
DA:13,1
DA:14,1
DA:15,0
DA:16,0
DA:17,0
DA:18,1
DA:19,1
DA:20,0
DA:21,0
DA:22,0
DA:23,1
DA:24,1
DA:25,0
DA:26,0
DA:27,0
DA:28,1
DA:29,1
DA:30,0
DA:31,0
DA:32,0
DA:33,1
LF:33
LH:21
BRF:0
BRH:0
end_of_record
TN:
SF:src/usecases/createAccountsUC.ts
FN:6,createAccountUC
FN:10,create
FNF:2
FNH:2
FNDA:1,createAccountUC
FNDA:1,create
DA:1,1
DA:2,1
DA:3,1
DA:4,1
DA:5,1
DA:6,1
DA:7,1
DA:8,1
DA:9,1
DA:10,1
DA:11,1
DA:12,1
DA:13,0
DA:14,0
DA:15,0
DA:16,1
LF:16
LH:13
BRDA:6,0,0,1
BRDA:10,1,0,1
BRDA:13,2,0,0
BRF:3
BRH:2
end_of_record
TN:
SF:src/usecases/createUserUC.ts
FN:9,CreateUserUC
FN:13,usernameIsUnique
FN:17,validUsername
FN:25,validPassword
FN:32,passwordHash
FN:39,create
FN:52,execute
FNF:7
FNH:6
FNDA:17,CreateUserUC
FNDA:10,usernameIsUnique
FNDA:6,validUsername
FNDA:4,validPassword
FNDA:2,passwordHash
FNDA:6,create
FNDA:0,execute
DA:1,1
DA:2,1
DA:3,1
DA:4,1
DA:5,1
DA:6,1
DA:7,1
DA:8,1
DA:9,1
DA:10,17
DA:11,17
DA:12,1
DA:13,1
DA:14,10
DA:15,0
DA:16,1
DA:17,1
DA:18,6
DA:19,5
DA:20,0
DA:21,0
DA:22,1
DA:23,1
DA:24,1
DA:25,1
DA:26,4
DA:27,4
DA:28,4
DA:29,3
DA:30,3
DA:31,1
DA:32,1
DA:33,2
DA:34,2
DA:35,2
DA:36,2
DA:37,2
DA:38,1
DA:39,1
DA:40,6
DA:41,6
DA:42,0
DA:43,6
DA:44,6
DA:45,6
DA:46,0
DA:47,0
DA:48,0
DA:49,0
DA:50,0
DA:51,1
DA:52,1
DA:53,0
DA:54,0
DA:55,0
DA:56,0
DA:57,0
DA:58,0
DA:59,0
DA:60,0
DA:61,0
DA:62,0
DA:63,0
DA:64,0
DA:65,0
DA:66,0
DA:67,0
DA:68,1
LF:68
LH:44
BRDA:9,0,0,17
BRDA:13,1,0,10
BRDA:14,2,0,0
BRDA:17,3,0,6
BRDA:18,4,0,5
BRDA:19,5,0,0
BRDA:22,6,0,1
BRDA:25,7,0,4
BRDA:28,8,0,2
BRDA:28,9,0,1
BRDA:29,10,0,3
BRDA:32,11,0,2
BRDA:39,12,0,6
BRDA:42,13,0,0
BRDA:46,14,0,0
BRF:15
BRH:11
end_of_record
TN:
SF:tests/inMemory/in-memory-accounts-repository.ts
FN:4,InMemoryAccountsRepository
FN:5,createAccount
FN:8,getAccountById
FN:11,getAccountByUserId
FN:14,updateAccount
FN:24,getById
FNF:6
FNH:2
FNDA:1,InMemoryAccountsRepository
FNDA:1,createAccount
FNDA:0,getAccountById
FNDA:0,getAccountByUserId
FNDA:0,updateAccount
FNDA:0,getById
DA:1,1
DA:2,1
DA:3,1
DA:4,1
DA:5,1
DA:6,1
DA:7,1
DA:8,1
DA:9,0
DA:10,0
DA:11,1
DA:12,0
DA:13,0
DA:14,1
DA:15,0
DA:16,0
DA:17,1
DA:18,1
DA:19,1
DA:20,1
DA:21,1
DA:22,1
DA:23,1
DA:24,1
DA:25,0
DA:26,0
DA:27,1
LF:27
LH:19
BRDA:4,0,0,1
BRDA:5,1,0,1
BRF:2
BRH:2
end_of_record
TN:
SF:tests/inMemory/in-memory-users-repository.ts
FN:4,InMemoryUsersRepository
FN:5,getUserByUsername
FN:8,createUser
FN:29,findByUsername
FNF:4
FNH:2
FNDA:17,InMemoryUsersRepository
FNDA:10,getUserByUsername
FNDA:0,createUser
FNDA:0,findByUsername
DA:1,1
DA:2,1
DA:3,1
DA:4,17
DA:5,17
DA:6,10
DA:7,10
DA:8,17
DA:9,0
DA:10,0
DA:11,17
DA:12,17
DA:13,17
DA:14,17
DA:15,17
DA:16,17
DA:17,17
DA:18,17
DA:19,17
DA:20,17
DA:21,17
DA:22,17
DA:23,17
DA:24,17
DA:25,17
DA:26,17
DA:27,17
DA:28,17
DA:29,17
DA:30,0
DA:31,0
DA:32,0
DA:33,0
DA:34,0
DA:35,17
LF:35
LH:28
BRDA:4,0,0,17
BRDA:5,1,0,10
BRF:2
BRH:2
end_of_record
