TN:
SF:src/core/Entity.ts
FN:9,Entity
FN:7,get id
FNF:2
FNH:2
FNDA:57,Entity
FNDA:2,get id
DA:1,1
DA:2,1
DA:3,1
DA:4,1
DA:5,1
DA:6,1
DA:7,1
DA:8,1
DA:9,1
DA:10,57
DA:11,57
DA:12,57
DA:13,1
LF:13
LH:13
BRDA:9,0,0,57
BRDA:10,1,0,1
BRDA:10,2,0,56
BRDA:7,3,0,2
BRF:4
BRH:4
end_of_record
TN:
SF:src/database/queries.ts
FN:2,getItemById
FN:8,createItem
FN:14,createManyItems
FNF:3
FNH:1
FNDA:0,getItemById
FNDA:1,createItem
FNDA:0,createManyItems
DA:1,1
DA:2,1
DA:3,0
DA:4,0
DA:5,0
DA:6,1
DA:7,1
DA:8,1
DA:9,1
DA:10,1
DA:11,1
DA:12,1
DA:13,1
DA:14,1
DA:15,0
DA:16,0
DA:17,0
DA:18,0
DA:19,0
DA:20,0
DA:21,0
DA:22,0
DA:23,0
DA:24,0
DA:25,0
DA:26,1
LF:26
LH:12
BRDA:8,0,0,1
BRF:1
BRH:1
end_of_record
TN:
SF:src/entities/accounts.ts
FN:12,Accounts
FNF:1
FNH:1
FNDA:4,Accounts
DA:1,1
DA:2,1
DA:3,1
DA:4,1
DA:5,1
DA:6,1
DA:7,1
DA:8,1
DA:9,1
DA:10,1
DA:11,1
DA:12,1
DA:13,4
DA:14,4
DA:15,1
LF:15
LH:15
BRDA:12,0,0,4
BRF:1
BRH:1
end_of_record
TN:
SF:src/entities/users.ts
FN:14,Users
FNF:1
FNH:1
FNDA:53,Users
DA:1,1
DA:2,1
DA:3,1
DA:4,1
DA:5,1
DA:6,1
DA:7,1
DA:8,1
DA:9,1
DA:10,1
DA:11,1
DA:12,1
DA:13,1
DA:14,1
DA:15,53
DA:16,53
DA:17,1
LF:17
LH:17
BRDA:14,0,0,53
BRF:1
BRH:1
end_of_record
TN:
SF:src/prisma/client.ts
FNF:0
FNH:0
DA:1,1
DA:2,1
DA:3,1
DA:4,1
DA:5,1
LF:5
LH:5
BRF:0
BRH:0
end_of_record
TN:
SF:src/usecases/createAccountsUC.ts
FN:5,createAccountUC
FN:9,create
FNF:2
FNH:2
FNDA:1,createAccountUC
FNDA:1,create
DA:1,1
DA:2,1
DA:3,1
DA:4,1
DA:5,1
DA:6,1
DA:7,1
DA:8,1
DA:9,1
DA:10,1
DA:11,1
DA:12,1
DA:13,1
LF:13
LH:13
BRDA:5,0,0,1
BRDA:9,1,0,1
BRF:2
BRH:2
end_of_record
TN:
SF:src/usecases/createUserUC.ts
FN:9,createUserUC
FN:13,usernameIsUnique
FN:17,validUsername
FN:25,validPassword
FN:32,passwordHash
FN:39,create
FN:51,execute
FNF:7
FNH:6
FNDA:17,createUserUC
FNDA:10,usernameIsUnique
FNDA:6,validUsername
FNDA:8,validPassword
FNDA:4,passwordHash
FNDA:6,create
FNDA:0,execute
DA:1,1
DA:2,1
DA:3,1
DA:4,1
DA:5,1
DA:6,1
DA:7,1
DA:8,1
DA:9,1
DA:10,17
DA:11,17
DA:12,1
DA:13,1
DA:14,10
DA:15,10
DA:16,1
DA:17,1
DA:18,6
DA:19,5
DA:20,1
DA:21,1
DA:22,1
DA:23,1
DA:24,1
DA:25,1
DA:26,8
DA:27,8
DA:28,8
DA:29,5
DA:30,5
DA:31,1
DA:32,1
DA:33,4
DA:34,4
DA:35,4
DA:36,4
DA:37,4
DA:38,1
DA:39,1
DA:40,6
DA:41,6
DA:42,4
DA:43,4
DA:44,4
DA:45,4
DA:46,2
DA:47,2
DA:48,2
DA:49,2
DA:50,1
DA:51,1
DA:52,0
DA:53,0
DA:54,0
DA:55,0
DA:56,0
DA:57,0
DA:58,1
LF:58
LH:52
BRDA:9,0,0,17
BRDA:13,1,0,10
BRDA:17,2,0,6
BRDA:18,3,0,5
BRDA:19,4,0,4
BRDA:20,5,0,1
BRDA:22,6,0,1
BRDA:25,7,0,8
BRDA:28,8,0,5
BRDA:28,9,0,3
BRDA:29,10,0,5
BRDA:32,11,0,4
BRDA:39,12,0,6
BRDA:42,13,0,4
BRDA:46,14,0,2
BRF:15
BRH:15
end_of_record
TN:
SF:tests/inMemory/in-memory-accounts-repository.ts
FN:4,InMemoryAccountsRepository
FN:12,getById
FNF:2
FNH:1
FNDA:1,InMemoryAccountsRepository
FNDA:0,getById
DA:1,1
DA:2,1
DA:3,1
DA:4,1
DA:5,1
DA:6,1
DA:7,1
DA:8,1
DA:9,1
DA:10,1
DA:11,1
DA:12,1
DA:13,0
DA:14,0
DA:15,1
LF:15
LH:13
BRDA:4,0,0,1
BRF:1
BRH:1
end_of_record
TN:
SF:tests/inMemory/in-memory-users-repository.ts
FN:4,InMemoryUsersRepository
FN:23,findByUsername
FNF:2
FNH:2
FNDA:17,InMemoryUsersRepository
FNDA:10,findByUsername
DA:1,1
DA:2,1
DA:3,1
DA:4,17
DA:5,17
DA:6,17
DA:7,17
DA:8,17
DA:9,17
DA:10,17
DA:11,17
DA:12,17
DA:13,17
DA:14,17
DA:15,17
DA:16,17
DA:17,17
DA:18,17
DA:19,17
DA:20,17
DA:21,17
DA:22,17
DA:23,17
DA:24,10
DA:25,10
DA:26,3
DA:27,3
DA:28,3
DA:29,17
LF:29
LH:29
BRDA:4,0,0,17
BRDA:23,1,0,10
BRDA:25,2,0,7
BRDA:26,3,0,3
BRDA:24,4,0,24
BRF:5
BRH:5
end_of_record
